<?xml version="1.0" encoding="UTF-8"?>
<testng-results skipped="0" failed="0" total="1" passed="1">
  <reporter-output>
  </reporter-output>
  <suite name="Suite" duration-ms="30079" started-at="2022-03-01T17:48:37Z" finished-at="2022-03-01T17:49:07Z">
    <groups>
    </groups>
    <test name="Test" duration-ms="30079" started-at="2022-03-01T17:48:37Z" finished-at="2022-03-01T17:49:07Z">
      <class name="com.e2e.testcases.FirstTest">
        <test-method status="PASS" signature="SetUpTest()[pri:0, instance:com.e2e.testcases.FirstTest@4c203ea1]" name="SetUpTest" is-config="true" duration-ms="26451" started-at="2022-03-01T23:18:37Z" finished-at="2022-03-01T23:19:03Z">
          <reporter-output>
          </reporter-output>
        </test-method> <!-- SetUpTest -->
        <test-method status="PASS" signature="tapAction()[pri:0, instance:com.e2e.testcases.FirstTest@4c203ea1]" name="tapAction" duration-ms="2301" started-at="2022-03-01T23:19:03Z" finished-at="2022-03-01T23:19:06Z">
          <reporter-output>
          </reporter-output>
        </test-method> <!-- tapAction -->
        <test-method status="PASS" signature="tearDownTest()[pri:0, instance:com.e2e.testcases.FirstTest@4c203ea1]" name="tearDownTest" is-config="true" duration-ms="1300" started-at="2022-03-01T23:19:06Z" finished-at="2022-03-01T23:19:07Z">
          <reporter-output>
          </reporter-output>
        </test-method> <!-- tearDownTest -->
      </class> <!-- com.e2e.testcases.FirstTest -->
    </test> <!-- Test -->
  </suite> <!-- Suite -->
</testng-results>
